debug: Mon, 27 May 2024 23:56:56 GMT
debug: Project: /Users/amliya/Project/game/demo/test
debug: Targets: editor,preview
debug: Incremental file seems great.
debug: Engine path: /Applications/Cocos/Creator/3.3.0/CocosCreator.app/Contents/Resources/resources/3d/engine
debug: Initializing target [Editor]
debug: Loading cache
debug: Loading cache costs 2.981165885925293ms.
debug: Engine features shipped in editor: base,gfx-webgl,gfx-webgl2,3d,2d,ui,particle,particle-2d,physics-framework,physics-2d-framework,intersection-2d,primitive,profiler,audio,video,terrain,webview,tween,tiled-map,spine,dragon-bones
debug: Initializing target [Preview]
debug: Loading cache
debug: Loading cache costs 2.482583999633789ms.
debug: Sync engine features: base,gfx-webgl,3d,2d,ui,particle,physics-ammo,primitive,profiler,audio,tween
debug: Pulling asset-db.
debug: Fetch asset-db cost: 23.790249824523926ms.
debug: Build iteration starts.
Number of accumulated asset changes: 67
Feature changed: false
debug: Target(editor) build started.
debug: Detected change: cce:/internal/x/cc. Last mtime: Thu Jan 01 1970 08:00:03 GMT+0800 (中国标准时间), Current mtime: Thu Jan 01 1970 08:00:02 GMT+0800 (中国标准时间)
debug: Inspect cce:/internal/x/cc
debug: Resolve cce:/internal/x/cc-fu/base from cce:/internal/x/cc as external dependency cce:/internal/x/cc-fu/base.
debug: Resolve cce:/internal/x/cc-fu/gfx-webgl from cce:/internal/x/cc as external dependency cce:/internal/x/cc-fu/gfx-webgl.
debug: Resolve cce:/internal/x/cc-fu/gfx-webgl2 from cce:/internal/x/cc as external dependency cce:/internal/x/cc-fu/gfx-webgl2.
debug: Resolve cce:/internal/x/cc-fu/3d from cce:/internal/x/cc as external dependency cce:/internal/x/cc-fu/3d.
debug: Resolve cce:/internal/x/cc-fu/2d from cce:/internal/x/cc as external dependency cce:/internal/x/cc-fu/2d.
debug: Resolve cce:/internal/x/cc-fu/ui from cce:/internal/x/cc as external dependency cce:/internal/x/cc-fu/ui.
debug: Resolve cce:/internal/x/cc-fu/particle from cce:/internal/x/cc as external dependency cce:/internal/x/cc-fu/particle.
debug: Resolve cce:/internal/x/cc-fu/particle-2d from cce:/internal/x/cc as external dependency cce:/internal/x/cc-fu/particle-2d.
debug: Resolve cce:/internal/x/cc-fu/physics-framework from cce:/internal/x/cc as external dependency cce:/internal/x/cc-fu/physics-framework.
debug: Resolve cce:/internal/x/cc-fu/physics-2d-framework from cce:/internal/x/cc as external dependency cce:/internal/x/cc-fu/physics-2d-framework.
debug: Resolve cce:/internal/x/cc-fu/intersection-2d from cce:/internal/x/cc as external dependency cce:/internal/x/cc-fu/intersection-2d.
debug: Resolve cce:/internal/x/cc-fu/primitive from cce:/internal/x/cc as external dependency cce:/internal/x/cc-fu/primitive.
debug: Resolve cce:/internal/x/cc-fu/profiler from cce:/internal/x/cc as external dependency cce:/internal/x/cc-fu/profiler.
debug: Resolve cce:/internal/x/cc-fu/audio from cce:/internal/x/cc as external dependency cce:/internal/x/cc-fu/audio.
debug: Resolve cce:/internal/x/cc-fu/video from cce:/internal/x/cc as external dependency cce:/internal/x/cc-fu/video.
debug: Resolve cce:/internal/x/cc-fu/terrain from cce:/internal/x/cc as external dependency cce:/internal/x/cc-fu/terrain.
debug: Resolve cce:/internal/x/cc-fu/webview from cce:/internal/x/cc as external dependency cce:/internal/x/cc-fu/webview.
debug: Resolve cce:/internal/x/cc-fu/tween from cce:/internal/x/cc as external dependency cce:/internal/x/cc-fu/tween.
debug: Resolve cce:/internal/x/cc-fu/tiled-map from cce:/internal/x/cc as external dependency cce:/internal/x/cc-fu/tiled-map.
debug: Resolve cce:/internal/x/cc-fu/spine from cce:/internal/x/cc as external dependency cce:/internal/x/cc-fu/spine.
debug: Resolve cce:/internal/x/cc-fu/dragon-bones from cce:/internal/x/cc as external dependency cce:/internal/x/cc-fu/dragon-bones.
debug: Detected change: cce:/internal/x/prerequisite-imports. Last mtime: Fri Jan 02 1970 07:18:07 GMT+0800 (中国标准时间), Current mtime: Thu Jan 01 1970 08:00:05 GMT+0800 (中国标准时间)
debug: Inspect cce:/internal/x/prerequisite-imports
debug: Resolve file:///Users/amliya/Project/game/demo/test/assets/script/fight/arrow.ts from cce:/internal/x/prerequisite-imports as file:///Users/amliya/Project/game/demo/test/assets/script/fight/arrow.ts.
debug: Resolve file:///Users/amliya/Project/game/demo/test/assets/script/fight/boss.ts from cce:/internal/x/prerequisite-imports as file:///Users/amliya/Project/game/demo/test/assets/script/fight/boss.ts.
debug: Resolve file:///Users/amliya/Project/game/demo/test/assets/migrate-canvas.ts from cce:/internal/x/prerequisite-imports as file:///Users/amliya/Project/game/demo/test/assets/migrate-canvas.ts.
debug: Resolve file:///Users/amliya/Project/game/demo/test/assets/script/fight/characterRigid.ts from cce:/internal/x/prerequisite-imports as file:///Users/amliya/Project/game/demo/test/assets/script/fight/characterRigid.ts.
debug: Resolve file:///Users/amliya/Project/game/demo/test/assets/script/fight/gameCamera.ts from cce:/internal/x/prerequisite-imports as file:///Users/amliya/Project/game/demo/test/assets/script/fight/gameCamera.ts.
debug: Resolve file:///Users/amliya/Project/game/demo/test/assets/script/fight/colliderItem.ts from cce:/internal/x/prerequisite-imports as file:///Users/amliya/Project/game/demo/test/assets/script/fight/colliderItem.ts.
debug: Resolve file:///Users/amliya/Project/game/demo/test/assets/script/fight/gameManager.ts from cce:/internal/x/prerequisite-imports as file:///Users/amliya/Project/game/demo/test/assets/script/fight/gameManager.ts.
debug: Resolve file:///Users/amliya/Project/game/demo/test/assets/script/fight/mapManager.ts from cce:/internal/x/prerequisite-imports as file:///Users/amliya/Project/game/demo/test/assets/script/fight/mapManager.ts.
debug: Resolve file:///Users/amliya/Project/game/demo/test/assets/script/fight/monster.ts from cce:/internal/x/prerequisite-imports as file:///Users/amliya/Project/game/demo/test/assets/script/fight/monster.ts.
debug: Resolve file:///Users/amliya/Project/game/demo/test/assets/script/fight/monsterModel.ts from cce:/internal/x/prerequisite-imports as file:///Users/amliya/Project/game/demo/test/assets/script/fight/monsterModel.ts.
debug: Resolve file:///Users/amliya/Project/game/demo/test/assets/script/fight/monsterSkill/dispersion.ts from cce:/internal/x/prerequisite-imports as file:///Users/amliya/Project/game/demo/test/assets/script/fight/monsterSkill/dispersion.ts.
debug: Resolve file:///Users/amliya/Project/game/demo/test/assets/script/fight/monsterSkill/dispersionSurround.ts from cce:/internal/x/prerequisite-imports as file:///Users/amliya/Project/game/demo/test/assets/script/fight/monsterSkill/dispersionSurround.ts.
debug: Resolve file:///Users/amliya/Project/game/demo/test/assets/script/fight/monsterSkill/energyBall.ts from cce:/internal/x/prerequisite-imports as file:///Users/amliya/Project/game/demo/test/assets/script/fight/monsterSkill/energyBall.ts.
debug: Resolve file:///Users/amliya/Project/game/demo/test/assets/script/fight/monsterSkill/fireBallBig.ts from cce:/internal/x/prerequisite-imports as file:///Users/amliya/Project/game/demo/test/assets/script/fight/monsterSkill/fireBallBig.ts.
debug: Resolve file:///Users/amliya/Project/game/demo/test/assets/script/fight/monsterSkill/jetFires.ts from cce:/internal/x/prerequisite-imports as file:///Users/amliya/Project/game/demo/test/assets/script/fight/monsterSkill/jetFires.ts.
debug: Resolve file:///Users/amliya/Project/game/demo/test/assets/script/fight/monsterSkill/fireBall.ts from cce:/internal/x/prerequisite-imports as file:///Users/amliya/Project/game/demo/test/assets/script/fight/monsterSkill/fireBall.ts.
debug: Resolve file:///Users/amliya/Project/game/demo/test/assets/script/fight/monsterSkill/laser.ts from cce:/internal/x/prerequisite-imports as file:///Users/amliya/Project/game/demo/test/assets/script/fight/monsterSkill/laser.ts.
debug: Resolve file:///Users/amliya/Project/game/demo/test/assets/script/fight/monsterSkillCollider.ts from cce:/internal/x/prerequisite-imports as file:///Users/amliya/Project/game/demo/test/assets/script/fight/monsterSkillCollider.ts.
debug: Resolve file:///Users/amliya/Project/game/demo/test/assets/script/fight/player.ts from cce:/internal/x/prerequisite-imports as file:///Users/amliya/Project/game/demo/test/assets/script/fight/player.ts.
debug: Resolve file:///Users/amliya/Project/game/demo/test/assets/script/fight/playerModel.ts from cce:/internal/x/prerequisite-imports as file:///Users/amliya/Project/game/demo/test/assets/script/fight/playerModel.ts.
debug: Resolve file:///Users/amliya/Project/game/demo/test/assets/script/fight/monsterSkill/tornado.ts from cce:/internal/x/prerequisite-imports as file:///Users/amliya/Project/game/demo/test/assets/script/fight/monsterSkill/tornado.ts.
debug: Resolve file:///Users/amliya/Project/game/demo/test/assets/script/fight/reward.ts from cce:/internal/x/prerequisite-imports as file:///Users/amliya/Project/game/demo/test/assets/script/fight/reward.ts.
debug: Resolve file:///Users/amliya/Project/game/demo/test/assets/script/fight/verticalRaycast.ts from cce:/internal/x/prerequisite-imports as file:///Users/amliya/Project/game/demo/test/assets/script/fight/verticalRaycast.ts.
debug: Resolve file:///Users/amliya/Project/game/demo/test/assets/script/fight/warningSkill/warningCircle.ts from cce:/internal/x/prerequisite-imports as file:///Users/amliya/Project/game/demo/test/assets/script/fight/warningSkill/warningCircle.ts.
debug: Resolve file:///Users/amliya/Project/game/demo/test/assets/script/fight/test.ts from cce:/internal/x/prerequisite-imports as file:///Users/amliya/Project/game/demo/test/assets/script/fight/test.ts.
debug: Resolve file:///Users/amliya/Project/game/demo/test/assets/script/fight/warningSkill/warningLine.ts from cce:/internal/x/prerequisite-imports as file:///Users/amliya/Project/game/demo/test/assets/script/fight/warningSkill/warningLine.ts.
debug: Resolve file:///Users/amliya/Project/game/demo/test/assets/script/framework/audioManager.ts from cce:/internal/x/prerequisite-imports as file:///Users/amliya/Project/game/demo/test/assets/script/framework/audioManager.ts.
debug: Resolve file:///Users/amliya/Project/game/demo/test/assets/script/framework/clientEvent.ts from cce:/internal/x/prerequisite-imports as file:///Users/amliya/Project/game/demo/test/assets/script/framework/clientEvent.ts.
debug: Resolve file:///Users/amliya/Project/game/demo/test/assets/script/fight/warningSkill/warningStrip.ts from cce:/internal/x/prerequisite-imports as file:///Users/amliya/Project/game/demo/test/assets/script/fight/warningSkill/warningStrip.ts.
debug: Resolve file:///Users/amliya/Project/game/demo/test/assets/script/framework/constant.ts from cce:/internal/x/prerequisite-imports as file:///Users/amliya/Project/game/demo/test/assets/script/framework/constant.ts.
debug: Resolve file:///Users/amliya/Project/game/demo/test/assets/script/framework/effectManager.ts from cce:/internal/x/prerequisite-imports as file:///Users/amliya/Project/game/demo/test/assets/script/framework/effectManager.ts.
debug: Resolve file:///Users/amliya/Project/game/demo/test/assets/script/framework/localConfig.ts from cce:/internal/x/prerequisite-imports as file:///Users/amliya/Project/game/demo/test/assets/script/framework/localConfig.ts.
debug: Resolve file:///Users/amliya/Project/game/demo/test/assets/script/framework/csvManager.ts from cce:/internal/x/prerequisite-imports as file:///Users/amliya/Project/game/demo/test/assets/script/framework/csvManager.ts.
debug: Resolve file:///Users/amliya/Project/game/demo/test/assets/script/framework/lodash.ts from cce:/internal/x/prerequisite-imports as file:///Users/amliya/Project/game/demo/test/assets/script/framework/lodash.ts.
debug: Resolve file:///Users/amliya/Project/game/demo/test/assets/script/framework/poolManager.ts from cce:/internal/x/prerequisite-imports as file:///Users/amliya/Project/game/demo/test/assets/script/framework/poolManager.ts.
debug: Resolve file:///Users/amliya/Project/game/demo/test/assets/script/framework/resourceUtil.ts from cce:/internal/x/prerequisite-imports as file:///Users/amliya/Project/game/demo/test/assets/script/framework/resourceUtil.ts.
debug: Resolve file:///Users/amliya/Project/game/demo/test/assets/script/framework/sdkUtil.ts from cce:/internal/x/prerequisite-imports as file:///Users/amliya/Project/game/demo/test/assets/script/framework/sdkUtil.ts.
debug: Resolve file:///Users/amliya/Project/game/demo/test/assets/script/framework/storageManager.ts from cce:/internal/x/prerequisite-imports as file:///Users/amliya/Project/game/demo/test/assets/script/framework/storageManager.ts.
debug: Resolve file:///Users/amliya/Project/game/demo/test/assets/script/framework/uiManager.ts from cce:/internal/x/prerequisite-imports as file:///Users/amliya/Project/game/demo/test/assets/script/framework/uiManager.ts.
debug: Resolve file:///Users/amliya/Project/game/demo/test/assets/script/framework/util.ts from cce:/internal/x/prerequisite-imports as file:///Users/amliya/Project/game/demo/test/assets/script/framework/util.ts.
debug: Resolve file:///Users/amliya/Project/game/demo/test/assets/script/main.ts from cce:/internal/x/prerequisite-imports as file:///Users/amliya/Project/game/demo/test/assets/script/main.ts.
debug: Resolve file:///Users/amliya/Project/game/demo/test/assets/script/ui/back/backPanel.ts from cce:/internal/x/prerequisite-imports as file:///Users/amliya/Project/game/demo/test/assets/script/ui/back/backPanel.ts.
debug: Resolve file:///Users/amliya/Project/game/demo/test/assets/script/ui/common/fightTip.ts from cce:/internal/x/prerequisite-imports as file:///Users/amliya/Project/game/demo/test/assets/script/ui/common/fightTip.ts.
debug: Resolve file:///Users/amliya/Project/game/demo/test/assets/script/ui/common/tips.ts from cce:/internal/x/prerequisite-imports as file:///Users/amliya/Project/game/demo/test/assets/script/ui/common/tips.ts.
debug: Resolve file:///Users/amliya/Project/game/demo/test/assets/script/framework/playerData.ts from cce:/internal/x/prerequisite-imports as file:///Users/amliya/Project/game/demo/test/assets/script/framework/playerData.ts.
debug: Resolve file:///Users/amliya/Project/game/demo/test/assets/script/ui/debug/debugLevelItem.ts from cce:/internal/x/prerequisite-imports as file:///Users/amliya/Project/game/demo/test/assets/script/ui/debug/debugLevelItem.ts.
debug: Resolve file:///Users/amliya/Project/game/demo/test/assets/script/ui/debug/debugPanel.ts from cce:/internal/x/prerequisite-imports as file:///Users/amliya/Project/game/demo/test/assets/script/ui/debug/debugPanel.ts.
debug: Resolve file:///Users/amliya/Project/game/demo/test/assets/script/ui/debug/debugSkillItem.ts from cce:/internal/x/prerequisite-imports as file:///Users/amliya/Project/game/demo/test/assets/script/ui/debug/debugSkillItem.ts.
debug: Resolve file:///Users/amliya/Project/game/demo/test/assets/script/ui/fight/bossBloodBar.ts from cce:/internal/x/prerequisite-imports as file:///Users/amliya/Project/game/demo/test/assets/script/ui/fight/bossBloodBar.ts.
debug: Resolve file:///Users/amliya/Project/game/demo/test/assets/script/ui/fight/fightPanel.ts from cce:/internal/x/prerequisite-imports as file:///Users/amliya/Project/game/demo/test/assets/script/ui/fight/fightPanel.ts.
debug: Resolve file:///Users/amliya/Project/game/demo/test/assets/script/ui/fight/monsterBloodBar.ts from cce:/internal/x/prerequisite-imports as file:///Users/amliya/Project/game/demo/test/assets/script/ui/fight/monsterBloodBar.ts.
debug: Resolve file:///Users/amliya/Project/game/demo/test/assets/script/ui/fight/playerBloodBar.ts from cce:/internal/x/prerequisite-imports as file:///Users/amliya/Project/game/demo/test/assets/script/ui/fight/playerBloodBar.ts.
debug: Resolve file:///Users/amliya/Project/game/demo/test/assets/script/ui/home/homePanel.ts from cce:/internal/x/prerequisite-imports as file:///Users/amliya/Project/game/demo/test/assets/script/ui/home/homePanel.ts.
debug: Resolve file:///Users/amliya/Project/game/demo/test/assets/script/ui/loading/loadingPanel.ts from cce:/internal/x/prerequisite-imports as file:///Users/amliya/Project/game/demo/test/assets/script/ui/loading/loadingPanel.ts.
debug: Resolve file:///Users/amliya/Project/game/demo/test/assets/script/ui/pause/pausePanel.ts from cce:/internal/x/prerequisite-imports as file:///Users/amliya/Project/game/demo/test/assets/script/ui/pause/pausePanel.ts.
debug: Resolve file:///Users/amliya/Project/game/demo/test/assets/script/ui/pause/skillIcon.ts from cce:/internal/x/prerequisite-imports as file:///Users/amliya/Project/game/demo/test/assets/script/ui/pause/skillIcon.ts.
debug: Resolve file:///Users/amliya/Project/game/demo/test/assets/script/ui/revive/revivePanel.ts from cce:/internal/x/prerequisite-imports as file:///Users/amliya/Project/game/demo/test/assets/script/ui/revive/revivePanel.ts.
debug: Resolve file:///Users/amliya/Project/game/demo/test/assets/script/ui/setting/settingPanel.ts from cce:/internal/x/prerequisite-imports as file:///Users/amliya/Project/game/demo/test/assets/script/ui/setting/settingPanel.ts.
debug: Resolve file:///Users/amliya/Project/game/demo/test/assets/script/ui/pause/skillList.ts from cce:/internal/x/prerequisite-imports as file:///Users/amliya/Project/game/demo/test/assets/script/ui/pause/skillList.ts.
debug: Resolve file:///Users/amliya/Project/game/demo/test/assets/script/ui/settlement/settlementPanel.ts from cce:/internal/x/prerequisite-imports as file:///Users/amliya/Project/game/demo/test/assets/script/ui/settlement/settlementPanel.ts.
debug: Resolve file:///Users/amliya/Project/game/demo/test/assets/script/ui/shopPanel/shopItem.ts from cce:/internal/x/prerequisite-imports as file:///Users/amliya/Project/game/demo/test/assets/script/ui/shopPanel/shopItem.ts.
debug: Resolve file:///Users/amliya/Project/game/demo/test/assets/script/ui/shopPanel/shopPanel.ts from cce:/internal/x/prerequisite-imports as file:///Users/amliya/Project/game/demo/test/assets/script/ui/shopPanel/shopPanel.ts.
debug: Resolve file:///Users/amliya/Project/game/demo/test/assets/script/ui/skill/skillPanel.ts from cce:/internal/x/prerequisite-imports as file:///Users/amliya/Project/game/demo/test/assets/script/ui/skill/skillPanel.ts.
debug: Resolve file:///Users/amliya/Project/game/demo/test/assets/script/ui/skill/skillItem.ts from cce:/internal/x/prerequisite-imports as file:///Users/amliya/Project/game/demo/test/assets/script/ui/skill/skillItem.ts.
debug: Resolve file:///Users/amliya/Project/game/demo/test/assets/script/utils/camera.ts from cce:/internal/x/prerequisite-imports as file:///Users/amliya/Project/game/demo/test/assets/script/utils/camera.ts.
debug: Resolve file:///Users/amliya/Project/game/demo/test/assets/script/utils/joystick.ts from cce:/internal/x/prerequisite-imports as file:///Users/amliya/Project/game/demo/test/assets/script/utils/joystick.ts.
debug: Detected change: cce:/internal/code-quality/cr.mjs. Last mtime: Wed May 22 2024 21:56:09 GMT+0800 (中国标准时间), Current mtime: Tue May 28 2024 07:56:53 GMT+0800 (中国标准时间)
debug: Inspect cce:/internal/code-quality/cr.mjs
debug: Create cjs interop url for 'file:///Users/amliya/Project/game/demo/test/assets/script/lib/cocosAnalytics.min.js'
debug: Resolve file:///Users/amliya/Project/game/demo/test/assets/script/lib/cocosAnalytics.min.js from cce:/internal/x/prerequisite-imports as file:///Users/amliya/Project/game/demo/test/assets/script/lib/cocosAnalytics.min.mjs?cjs=&original=.js.
debug: Detected change: cce:/internal/ml/cjs-loader.mjs. Last mtime: Wed May 22 2024 21:56:09 GMT+0800 (中国标准时间), Current mtime: Tue May 28 2024 07:56:53 GMT+0800 (中国标准时间)
debug: Inspect cce:/internal/ml/cjs-loader.mjs
debug: Target(editor) ends with cost 135.78362464904785ms.
debug: Target(preview) build started.
debug: Detected change: cce:/internal/x/cc. Last mtime: Thu Jan 01 1970 08:00:03 GMT+0800 (中国标准时间), Current mtime: Thu Jan 01 1970 08:00:02 GMT+0800 (中国标准时间)
debug: Inspect cce:/internal/x/cc
debug: Resolve cce:/internal/x/cc-fu/base from cce:/internal/x/cc as external dependency cce:/internal/x/cc-fu/base.
debug: Resolve cce:/internal/x/cc-fu/gfx-webgl from cce:/internal/x/cc as external dependency cce:/internal/x/cc-fu/gfx-webgl.
debug: Resolve cce:/internal/x/cc-fu/3d from cce:/internal/x/cc as external dependency cce:/internal/x/cc-fu/3d.
debug: Resolve cce:/internal/x/cc-fu/2d from cce:/internal/x/cc as external dependency cce:/internal/x/cc-fu/2d.
debug: Resolve cce:/internal/x/cc-fu/ui from cce:/internal/x/cc as external dependency cce:/internal/x/cc-fu/ui.
debug: Resolve cce:/internal/x/cc-fu/particle from cce:/internal/x/cc as external dependency cce:/internal/x/cc-fu/particle.
debug: Resolve cce:/internal/x/cc-fu/physics-ammo from cce:/internal/x/cc as external dependency cce:/internal/x/cc-fu/physics-ammo.
debug: Resolve cce:/internal/x/cc-fu/physics-framework from cce:/internal/x/cc as external dependency cce:/internal/x/cc-fu/physics-framework.
debug: Resolve cce:/internal/x/cc-fu/wait-for-ammo-instantiation from cce:/internal/x/cc as external dependency cce:/internal/x/cc-fu/wait-for-ammo-instantiation.
debug: Resolve cce:/internal/x/cc-fu/primitive from cce:/internal/x/cc as external dependency cce:/internal/x/cc-fu/primitive.
debug: Resolve cce:/internal/x/cc-fu/profiler from cce:/internal/x/cc as external dependency cce:/internal/x/cc-fu/profiler.
debug: Resolve cce:/internal/x/cc-fu/audio from cce:/internal/x/cc as external dependency cce:/internal/x/cc-fu/audio.
debug: Resolve cce:/internal/x/cc-fu/tween from cce:/internal/x/cc as external dependency cce:/internal/x/cc-fu/tween.
debug: Detected change: cce:/internal/x/prerequisite-imports. Last mtime: Fri Jan 02 1970 07:18:08 GMT+0800 (中国标准时间), Current mtime: Thu Jan 01 1970 08:00:06 GMT+0800 (中国标准时间)
debug: Inspect cce:/internal/x/prerequisite-imports
debug: Resolve file:///Users/amliya/Project/game/demo/test/assets/migrate-canvas.ts from cce:/internal/x/prerequisite-imports as file:///Users/amliya/Project/game/demo/test/assets/migrate-canvas.ts.
debug: Resolve file:///Users/amliya/Project/game/demo/test/assets/script/fight/arrow.ts from cce:/internal/x/prerequisite-imports as file:///Users/amliya/Project/game/demo/test/assets/script/fight/arrow.ts.
debug: Resolve file:///Users/amliya/Project/game/demo/test/assets/script/fight/characterRigid.ts from cce:/internal/x/prerequisite-imports as file:///Users/amliya/Project/game/demo/test/assets/script/fight/characterRigid.ts.
debug: Resolve file:///Users/amliya/Project/game/demo/test/assets/script/fight/boss.ts from cce:/internal/x/prerequisite-imports as file:///Users/amliya/Project/game/demo/test/assets/script/fight/boss.ts.
debug: Resolve file:///Users/amliya/Project/game/demo/test/assets/script/fight/colliderItem.ts from cce:/internal/x/prerequisite-imports as file:///Users/amliya/Project/game/demo/test/assets/script/fight/colliderItem.ts.
debug: Resolve file:///Users/amliya/Project/game/demo/test/assets/script/fight/gameManager.ts from cce:/internal/x/prerequisite-imports as file:///Users/amliya/Project/game/demo/test/assets/script/fight/gameManager.ts.
debug: Resolve file:///Users/amliya/Project/game/demo/test/assets/script/fight/gameCamera.ts from cce:/internal/x/prerequisite-imports as file:///Users/amliya/Project/game/demo/test/assets/script/fight/gameCamera.ts.
debug: Resolve file:///Users/amliya/Project/game/demo/test/assets/script/fight/mapManager.ts from cce:/internal/x/prerequisite-imports as file:///Users/amliya/Project/game/demo/test/assets/script/fight/mapManager.ts.
debug: Resolve file:///Users/amliya/Project/game/demo/test/assets/script/fight/monster.ts from cce:/internal/x/prerequisite-imports as file:///Users/amliya/Project/game/demo/test/assets/script/fight/monster.ts.
debug: Resolve file:///Users/amliya/Project/game/demo/test/assets/script/fight/monsterModel.ts from cce:/internal/x/prerequisite-imports as file:///Users/amliya/Project/game/demo/test/assets/script/fight/monsterModel.ts.
debug: Resolve file:///Users/amliya/Project/game/demo/test/assets/script/fight/monsterSkill/dispersion.ts from cce:/internal/x/prerequisite-imports as file:///Users/amliya/Project/game/demo/test/assets/script/fight/monsterSkill/dispersion.ts.
debug: Resolve file:///Users/amliya/Project/game/demo/test/assets/script/fight/monsterSkill/dispersionSurround.ts from cce:/internal/x/prerequisite-imports as file:///Users/amliya/Project/game/demo/test/assets/script/fight/monsterSkill/dispersionSurround.ts.
debug: Resolve file:///Users/amliya/Project/game/demo/test/assets/script/fight/monsterSkill/fireBall.ts from cce:/internal/x/prerequisite-imports as file:///Users/amliya/Project/game/demo/test/assets/script/fight/monsterSkill/fireBall.ts.
debug: Resolve file:///Users/amliya/Project/game/demo/test/assets/script/fight/monsterSkill/energyBall.ts from cce:/internal/x/prerequisite-imports as file:///Users/amliya/Project/game/demo/test/assets/script/fight/monsterSkill/energyBall.ts.
debug: Resolve file:///Users/amliya/Project/game/demo/test/assets/script/fight/monsterSkill/fireBallBig.ts from cce:/internal/x/prerequisite-imports as file:///Users/amliya/Project/game/demo/test/assets/script/fight/monsterSkill/fireBallBig.ts.
debug: Resolve file:///Users/amliya/Project/game/demo/test/assets/script/fight/monsterSkill/jetFires.ts from cce:/internal/x/prerequisite-imports as file:///Users/amliya/Project/game/demo/test/assets/script/fight/monsterSkill/jetFires.ts.
debug: Resolve file:///Users/amliya/Project/game/demo/test/assets/script/fight/monsterSkill/laser.ts from cce:/internal/x/prerequisite-imports as file:///Users/amliya/Project/game/demo/test/assets/script/fight/monsterSkill/laser.ts.
debug: Resolve file:///Users/amliya/Project/game/demo/test/assets/script/fight/player.ts from cce:/internal/x/prerequisite-imports as file:///Users/amliya/Project/game/demo/test/assets/script/fight/player.ts.
debug: Resolve file:///Users/amliya/Project/game/demo/test/assets/script/fight/monsterSkill/tornado.ts from cce:/internal/x/prerequisite-imports as file:///Users/amliya/Project/game/demo/test/assets/script/fight/monsterSkill/tornado.ts.
debug: Resolve file:///Users/amliya/Project/game/demo/test/assets/script/fight/reward.ts from cce:/internal/x/prerequisite-imports as file:///Users/amliya/Project/game/demo/test/assets/script/fight/reward.ts.
debug: Resolve file:///Users/amliya/Project/game/demo/test/assets/script/fight/test.ts from cce:/internal/x/prerequisite-imports as file:///Users/amliya/Project/game/demo/test/assets/script/fight/test.ts.
debug: Resolve file:///Users/amliya/Project/game/demo/test/assets/script/fight/playerModel.ts from cce:/internal/x/prerequisite-imports as file:///Users/amliya/Project/game/demo/test/assets/script/fight/playerModel.ts.
debug: Resolve file:///Users/amliya/Project/game/demo/test/assets/script/fight/verticalRaycast.ts from cce:/internal/x/prerequisite-imports as file:///Users/amliya/Project/game/demo/test/assets/script/fight/verticalRaycast.ts.
debug: Resolve file:///Users/amliya/Project/game/demo/test/assets/script/fight/monsterSkillCollider.ts from cce:/internal/x/prerequisite-imports as file:///Users/amliya/Project/game/demo/test/assets/script/fight/monsterSkillCollider.ts.
debug: Resolve file:///Users/amliya/Project/game/demo/test/assets/script/fight/warningSkill/warningCircle.ts from cce:/internal/x/prerequisite-imports as file:///Users/amliya/Project/game/demo/test/assets/script/fight/warningSkill/warningCircle.ts.
debug: Resolve file:///Users/amliya/Project/game/demo/test/assets/script/fight/warningSkill/warningStrip.ts from cce:/internal/x/prerequisite-imports as file:///Users/amliya/Project/game/demo/test/assets/script/fight/warningSkill/warningStrip.ts.
debug: Resolve file:///Users/amliya/Project/game/demo/test/assets/script/fight/warningSkill/warningLine.ts from cce:/internal/x/prerequisite-imports as file:///Users/amliya/Project/game/demo/test/assets/script/fight/warningSkill/warningLine.ts.
debug: Resolve file:///Users/amliya/Project/game/demo/test/assets/script/framework/clientEvent.ts from cce:/internal/x/prerequisite-imports as file:///Users/amliya/Project/game/demo/test/assets/script/framework/clientEvent.ts.
debug: Resolve file:///Users/amliya/Project/game/demo/test/assets/script/framework/audioManager.ts from cce:/internal/x/prerequisite-imports as file:///Users/amliya/Project/game/demo/test/assets/script/framework/audioManager.ts.
debug: Resolve file:///Users/amliya/Project/game/demo/test/assets/script/framework/csvManager.ts from cce:/internal/x/prerequisite-imports as file:///Users/amliya/Project/game/demo/test/assets/script/framework/csvManager.ts.
debug: Resolve file:///Users/amliya/Project/game/demo/test/assets/script/framework/effectManager.ts from cce:/internal/x/prerequisite-imports as file:///Users/amliya/Project/game/demo/test/assets/script/framework/effectManager.ts.
debug: Resolve file:///Users/amliya/Project/game/demo/test/assets/script/framework/constant.ts from cce:/internal/x/prerequisite-imports as file:///Users/amliya/Project/game/demo/test/assets/script/framework/constant.ts.
debug: Resolve file:///Users/amliya/Project/game/demo/test/assets/script/framework/lodash.ts from cce:/internal/x/prerequisite-imports as file:///Users/amliya/Project/game/demo/test/assets/script/framework/lodash.ts.
debug: Resolve file:///Users/amliya/Project/game/demo/test/assets/script/framework/localConfig.ts from cce:/internal/x/prerequisite-imports as file:///Users/amliya/Project/game/demo/test/assets/script/framework/localConfig.ts.
debug: Resolve file:///Users/amliya/Project/game/demo/test/assets/script/framework/poolManager.ts from cce:/internal/x/prerequisite-imports as file:///Users/amliya/Project/game/demo/test/assets/script/framework/poolManager.ts.
debug: Resolve file:///Users/amliya/Project/game/demo/test/assets/script/framework/playerData.ts from cce:/internal/x/prerequisite-imports as file:///Users/amliya/Project/game/demo/test/assets/script/framework/playerData.ts.
debug: Resolve file:///Users/amliya/Project/game/demo/test/assets/script/framework/storageManager.ts from cce:/internal/x/prerequisite-imports as file:///Users/amliya/Project/game/demo/test/assets/script/framework/storageManager.ts.
debug: Resolve file:///Users/amliya/Project/game/demo/test/assets/script/framework/resourceUtil.ts from cce:/internal/x/prerequisite-imports as file:///Users/amliya/Project/game/demo/test/assets/script/framework/resourceUtil.ts.
debug: Resolve file:///Users/amliya/Project/game/demo/test/assets/script/framework/uiManager.ts from cce:/internal/x/prerequisite-imports as file:///Users/amliya/Project/game/demo/test/assets/script/framework/uiManager.ts.
debug: Resolve file:///Users/amliya/Project/game/demo/test/assets/script/framework/sdkUtil.ts from cce:/internal/x/prerequisite-imports as file:///Users/amliya/Project/game/demo/test/assets/script/framework/sdkUtil.ts.
debug: Resolve file:///Users/amliya/Project/game/demo/test/assets/script/framework/util.ts from cce:/internal/x/prerequisite-imports as file:///Users/amliya/Project/game/demo/test/assets/script/framework/util.ts.
debug: Resolve file:///Users/amliya/Project/game/demo/test/assets/script/main.ts from cce:/internal/x/prerequisite-imports as file:///Users/amliya/Project/game/demo/test/assets/script/main.ts.
debug: Resolve file:///Users/amliya/Project/game/demo/test/assets/script/ui/back/backPanel.ts from cce:/internal/x/prerequisite-imports as file:///Users/amliya/Project/game/demo/test/assets/script/ui/back/backPanel.ts.
debug: Resolve file:///Users/amliya/Project/game/demo/test/assets/script/ui/common/fightTip.ts from cce:/internal/x/prerequisite-imports as file:///Users/amliya/Project/game/demo/test/assets/script/ui/common/fightTip.ts.
debug: Resolve file:///Users/amliya/Project/game/demo/test/assets/script/ui/common/tips.ts from cce:/internal/x/prerequisite-imports as file:///Users/amliya/Project/game/demo/test/assets/script/ui/common/tips.ts.
debug: Resolve file:///Users/amliya/Project/game/demo/test/assets/script/ui/debug/debugLevelItem.ts from cce:/internal/x/prerequisite-imports as file:///Users/amliya/Project/game/demo/test/assets/script/ui/debug/debugLevelItem.ts.
debug: Resolve file:///Users/amliya/Project/game/demo/test/assets/script/ui/debug/debugPanel.ts from cce:/internal/x/prerequisite-imports as file:///Users/amliya/Project/game/demo/test/assets/script/ui/debug/debugPanel.ts.
debug: Resolve file:///Users/amliya/Project/game/demo/test/assets/script/ui/fight/bossBloodBar.ts from cce:/internal/x/prerequisite-imports as file:///Users/amliya/Project/game/demo/test/assets/script/ui/fight/bossBloodBar.ts.
debug: Resolve file:///Users/amliya/Project/game/demo/test/assets/script/ui/debug/debugSkillItem.ts from cce:/internal/x/prerequisite-imports as file:///Users/amliya/Project/game/demo/test/assets/script/ui/debug/debugSkillItem.ts.
debug: Resolve file:///Users/amliya/Project/game/demo/test/assets/script/ui/fight/monsterBloodBar.ts from cce:/internal/x/prerequisite-imports as file:///Users/amliya/Project/game/demo/test/assets/script/ui/fight/monsterBloodBar.ts.
debug: Resolve file:///Users/amliya/Project/game/demo/test/assets/script/ui/fight/fightPanel.ts from cce:/internal/x/prerequisite-imports as file:///Users/amliya/Project/game/demo/test/assets/script/ui/fight/fightPanel.ts.
debug: Resolve file:///Users/amliya/Project/game/demo/test/assets/script/ui/fight/playerBloodBar.ts from cce:/internal/x/prerequisite-imports as file:///Users/amliya/Project/game/demo/test/assets/script/ui/fight/playerBloodBar.ts.
debug: Resolve file:///Users/amliya/Project/game/demo/test/assets/script/ui/home/homePanel.ts from cce:/internal/x/prerequisite-imports as file:///Users/amliya/Project/game/demo/test/assets/script/ui/home/homePanel.ts.
debug: Resolve file:///Users/amliya/Project/game/demo/test/assets/script/ui/loading/loadingPanel.ts from cce:/internal/x/prerequisite-imports as file:///Users/amliya/Project/game/demo/test/assets/script/ui/loading/loadingPanel.ts.
debug: Resolve file:///Users/amliya/Project/game/demo/test/assets/script/ui/pause/pausePanel.ts from cce:/internal/x/prerequisite-imports as file:///Users/amliya/Project/game/demo/test/assets/script/ui/pause/pausePanel.ts.
debug: Resolve file:///Users/amliya/Project/game/demo/test/assets/script/ui/pause/skillIcon.ts from cce:/internal/x/prerequisite-imports as file:///Users/amliya/Project/game/demo/test/assets/script/ui/pause/skillIcon.ts.
debug: Resolve file:///Users/amliya/Project/game/demo/test/assets/script/ui/pause/skillList.ts from cce:/internal/x/prerequisite-imports as file:///Users/amliya/Project/game/demo/test/assets/script/ui/pause/skillList.ts.
debug: Resolve file:///Users/amliya/Project/game/demo/test/assets/script/ui/revive/revivePanel.ts from cce:/internal/x/prerequisite-imports as file:///Users/amliya/Project/game/demo/test/assets/script/ui/revive/revivePanel.ts.
debug: Resolve file:///Users/amliya/Project/game/demo/test/assets/script/ui/settlement/settlementPanel.ts from cce:/internal/x/prerequisite-imports as file:///Users/amliya/Project/game/demo/test/assets/script/ui/settlement/settlementPanel.ts.
debug: Resolve file:///Users/amliya/Project/game/demo/test/assets/script/ui/shopPanel/shopItem.ts from cce:/internal/x/prerequisite-imports as file:///Users/amliya/Project/game/demo/test/assets/script/ui/shopPanel/shopItem.ts.
debug: Resolve file:///Users/amliya/Project/game/demo/test/assets/script/ui/shopPanel/shopPanel.ts from cce:/internal/x/prerequisite-imports as file:///Users/amliya/Project/game/demo/test/assets/script/ui/shopPanel/shopPanel.ts.
debug: Resolve file:///Users/amliya/Project/game/demo/test/assets/script/ui/skill/skillItem.ts from cce:/internal/x/prerequisite-imports as file:///Users/amliya/Project/game/demo/test/assets/script/ui/skill/skillItem.ts.
debug: Resolve file:///Users/amliya/Project/game/demo/test/assets/script/ui/skill/skillPanel.ts from cce:/internal/x/prerequisite-imports as file:///Users/amliya/Project/game/demo/test/assets/script/ui/skill/skillPanel.ts.
debug: Resolve file:///Users/amliya/Project/game/demo/test/assets/script/utils/camera.ts from cce:/internal/x/prerequisite-imports as file:///Users/amliya/Project/game/demo/test/assets/script/utils/camera.ts.
debug: Resolve file:///Users/amliya/Project/game/demo/test/assets/script/ui/setting/settingPanel.ts from cce:/internal/x/prerequisite-imports as file:///Users/amliya/Project/game/demo/test/assets/script/ui/setting/settingPanel.ts.
debug: Resolve file:///Users/amliya/Project/game/demo/test/assets/script/utils/joystick.ts from cce:/internal/x/prerequisite-imports as file:///Users/amliya/Project/game/demo/test/assets/script/utils/joystick.ts.
debug: Detected change: cce:/internal/code-quality/cr.mjs. Last mtime: Wed May 22 2024 21:56:09 GMT+0800 (中国标准时间), Current mtime: Tue May 28 2024 07:56:53 GMT+0800 (中国标准时间)
debug: Inspect cce:/internal/code-quality/cr.mjs
debug: Create cjs interop url for 'file:///Users/amliya/Project/game/demo/test/assets/script/lib/cocosAnalytics.min.js'
debug: Resolve file:///Users/amliya/Project/game/demo/test/assets/script/lib/cocosAnalytics.min.js from cce:/internal/x/prerequisite-imports as file:///Users/amliya/Project/game/demo/test/assets/script/lib/cocosAnalytics.min.mjs?cjs=&original=.js.
debug: Detected change: cce:/internal/ml/cjs-loader.mjs. Last mtime: Wed May 22 2024 21:56:09 GMT+0800 (中国标准时间), Current mtime: Tue May 28 2024 07:56:53 GMT+0800 (中国标准时间)
debug: Inspect cce:/internal/ml/cjs-loader.mjs
debug: Target(preview) ends with cost 114.50462532043457ms.
debug: Dispatch build request for time accumulated 1 asset changes.
debug: Build iteration starts.
Number of accumulated asset changes: 1
Feature changed: false
debug: Target(editor) build started.
debug: Detected change: cce:/internal/x/prerequisite-imports. Last mtime: Thu Jan 01 1970 08:00:05 GMT+0800 (中国标准时间), Current mtime: Fri Jan 02 1970 06:38:17 GMT+0800 (中国标准时间)
debug: Inspect cce:/internal/x/prerequisite-imports
debug: Resolve file:///Users/amliya/Project/game/demo/test/assets/script/fight/arrow.ts from cce:/internal/x/prerequisite-imports as file:///Users/amliya/Project/game/demo/test/assets/script/fight/arrow.ts.
debug: Resolve file:///Users/amliya/Project/game/demo/test/assets/script/fight/boss.ts from cce:/internal/x/prerequisite-imports as file:///Users/amliya/Project/game/demo/test/assets/script/fight/boss.ts.
debug: Resolve file:///Users/amliya/Project/game/demo/test/assets/script/fight/characterRigid.ts from cce:/internal/x/prerequisite-imports as file:///Users/amliya/Project/game/demo/test/assets/script/fight/characterRigid.ts.
debug: Resolve file:///Users/amliya/Project/game/demo/test/assets/script/fight/colliderItem.ts from cce:/internal/x/prerequisite-imports as file:///Users/amliya/Project/game/demo/test/assets/script/fight/colliderItem.ts.
debug: Resolve file:///Users/amliya/Project/game/demo/test/assets/script/fight/gameCamera.ts from cce:/internal/x/prerequisite-imports as file:///Users/amliya/Project/game/demo/test/assets/script/fight/gameCamera.ts.
debug: Resolve file:///Users/amliya/Project/game/demo/test/assets/script/fight/gameManager.ts from cce:/internal/x/prerequisite-imports as file:///Users/amliya/Project/game/demo/test/assets/script/fight/gameManager.ts.
debug: Resolve file:///Users/amliya/Project/game/demo/test/assets/script/fight/mapManager.ts from cce:/internal/x/prerequisite-imports as file:///Users/amliya/Project/game/demo/test/assets/script/fight/mapManager.ts.
debug: Resolve file:///Users/amliya/Project/game/demo/test/assets/script/fight/monster.ts from cce:/internal/x/prerequisite-imports as file:///Users/amliya/Project/game/demo/test/assets/script/fight/monster.ts.
debug: Resolve file:///Users/amliya/Project/game/demo/test/assets/script/fight/monsterModel.ts from cce:/internal/x/prerequisite-imports as file:///Users/amliya/Project/game/demo/test/assets/script/fight/monsterModel.ts.
debug: Resolve file:///Users/amliya/Project/game/demo/test/assets/script/fight/monsterSkill/dispersion.ts from cce:/internal/x/prerequisite-imports as file:///Users/amliya/Project/game/demo/test/assets/script/fight/monsterSkill/dispersion.ts.
debug: Resolve file:///Users/amliya/Project/game/demo/test/assets/script/fight/monsterSkill/dispersionSurround.ts from cce:/internal/x/prerequisite-imports as file:///Users/amliya/Project/game/demo/test/assets/script/fight/monsterSkill/dispersionSurround.ts.
debug: Resolve file:///Users/amliya/Project/game/demo/test/assets/script/fight/monsterSkill/fireBall.ts from cce:/internal/x/prerequisite-imports as file:///Users/amliya/Project/game/demo/test/assets/script/fight/monsterSkill/fireBall.ts.
debug: Resolve file:///Users/amliya/Project/game/demo/test/assets/script/fight/monsterSkill/fireBallBig.ts from cce:/internal/x/prerequisite-imports as file:///Users/amliya/Project/game/demo/test/assets/script/fight/monsterSkill/fireBallBig.ts.
debug: Resolve file:///Users/amliya/Project/game/demo/test/assets/script/fight/monsterSkill/jetFires.ts from cce:/internal/x/prerequisite-imports as file:///Users/amliya/Project/game/demo/test/assets/script/fight/monsterSkill/jetFires.ts.
debug: Resolve file:///Users/amliya/Project/game/demo/test/assets/script/fight/monsterSkill/energyBall.ts from cce:/internal/x/prerequisite-imports as file:///Users/amliya/Project/game/demo/test/assets/script/fight/monsterSkill/energyBall.ts.
debug: Resolve file:///Users/amliya/Project/game/demo/test/assets/script/fight/monsterSkill/laser.ts from cce:/internal/x/prerequisite-imports as file:///Users/amliya/Project/game/demo/test/assets/script/fight/monsterSkill/laser.ts.
debug: Resolve file:///Users/amliya/Project/game/demo/test/assets/script/fight/monsterSkill/tornado.ts from cce:/internal/x/prerequisite-imports as file:///Users/amliya/Project/game/demo/test/assets/script/fight/monsterSkill/tornado.ts.
debug: Resolve file:///Users/amliya/Project/game/demo/test/assets/script/fight/monsterSkillCollider.ts from cce:/internal/x/prerequisite-imports as file:///Users/amliya/Project/game/demo/test/assets/script/fight/monsterSkillCollider.ts.
debug: Resolve file:///Users/amliya/Project/game/demo/test/assets/script/fight/player.ts from cce:/internal/x/prerequisite-imports as file:///Users/amliya/Project/game/demo/test/assets/script/fight/player.ts.
debug: Resolve file:///Users/amliya/Project/game/demo/test/assets/script/fight/playerModel.ts from cce:/internal/x/prerequisite-imports as file:///Users/amliya/Project/game/demo/test/assets/script/fight/playerModel.ts.
debug: Resolve file:///Users/amliya/Project/game/demo/test/assets/script/fight/reward.ts from cce:/internal/x/prerequisite-imports as file:///Users/amliya/Project/game/demo/test/assets/script/fight/reward.ts.
debug: Resolve file:///Users/amliya/Project/game/demo/test/assets/script/fight/test.ts from cce:/internal/x/prerequisite-imports as file:///Users/amliya/Project/game/demo/test/assets/script/fight/test.ts.
debug: Resolve file:///Users/amliya/Project/game/demo/test/assets/script/fight/verticalRaycast.ts from cce:/internal/x/prerequisite-imports as file:///Users/amliya/Project/game/demo/test/assets/script/fight/verticalRaycast.ts.
debug: Resolve file:///Users/amliya/Project/game/demo/test/assets/script/fight/warningSkill/warningCircle.ts from cce:/internal/x/prerequisite-imports as file:///Users/amliya/Project/game/demo/test/assets/script/fight/warningSkill/warningCircle.ts.
debug: Resolve file:///Users/amliya/Project/game/demo/test/assets/script/fight/warningSkill/warningLine.ts from cce:/internal/x/prerequisite-imports as file:///Users/amliya/Project/game/demo/test/assets/script/fight/warningSkill/warningLine.ts.
debug: Resolve file:///Users/amliya/Project/game/demo/test/assets/script/fight/warningSkill/warningStrip.ts from cce:/internal/x/prerequisite-imports as file:///Users/amliya/Project/game/demo/test/assets/script/fight/warningSkill/warningStrip.ts.
debug: Resolve file:///Users/amliya/Project/game/demo/test/assets/script/framework/audioManager.ts from cce:/internal/x/prerequisite-imports as file:///Users/amliya/Project/game/demo/test/assets/script/framework/audioManager.ts.
debug: Resolve file:///Users/amliya/Project/game/demo/test/assets/script/framework/clientEvent.ts from cce:/internal/x/prerequisite-imports as file:///Users/amliya/Project/game/demo/test/assets/script/framework/clientEvent.ts.
debug: Resolve file:///Users/amliya/Project/game/demo/test/assets/script/framework/constant.ts from cce:/internal/x/prerequisite-imports as file:///Users/amliya/Project/game/demo/test/assets/script/framework/constant.ts.
debug: Resolve file:///Users/amliya/Project/game/demo/test/assets/script/framework/csvManager.ts from cce:/internal/x/prerequisite-imports as file:///Users/amliya/Project/game/demo/test/assets/script/framework/csvManager.ts.
debug: Resolve file:///Users/amliya/Project/game/demo/test/assets/script/framework/effectManager.ts from cce:/internal/x/prerequisite-imports as file:///Users/amliya/Project/game/demo/test/assets/script/framework/effectManager.ts.
debug: Resolve file:///Users/amliya/Project/game/demo/test/assets/script/framework/localConfig.ts from cce:/internal/x/prerequisite-imports as file:///Users/amliya/Project/game/demo/test/assets/script/framework/localConfig.ts.
debug: Resolve file:///Users/amliya/Project/game/demo/test/assets/script/framework/lodash.ts from cce:/internal/x/prerequisite-imports as file:///Users/amliya/Project/game/demo/test/assets/script/framework/lodash.ts.
debug: Resolve file:///Users/amliya/Project/game/demo/test/assets/script/framework/playerData.ts from cce:/internal/x/prerequisite-imports as file:///Users/amliya/Project/game/demo/test/assets/script/framework/playerData.ts.
debug: Resolve file:///Users/amliya/Project/game/demo/test/assets/script/framework/poolManager.ts from cce:/internal/x/prerequisite-imports as file:///Users/amliya/Project/game/demo/test/assets/script/framework/poolManager.ts.
debug: Resolve file:///Users/amliya/Project/game/demo/test/assets/script/framework/resourceUtil.ts from cce:/internal/x/prerequisite-imports as file:///Users/amliya/Project/game/demo/test/assets/script/framework/resourceUtil.ts.
debug: Resolve file:///Users/amliya/Project/game/demo/test/assets/script/framework/storageManager.ts from cce:/internal/x/prerequisite-imports as file:///Users/amliya/Project/game/demo/test/assets/script/framework/storageManager.ts.
debug: Resolve file:///Users/amliya/Project/game/demo/test/assets/script/framework/sdkUtil.ts from cce:/internal/x/prerequisite-imports as file:///Users/amliya/Project/game/demo/test/assets/script/framework/sdkUtil.ts.
debug: Resolve file:///Users/amliya/Project/game/demo/test/assets/script/framework/util.ts from cce:/internal/x/prerequisite-imports as file:///Users/amliya/Project/game/demo/test/assets/script/framework/util.ts.
debug: Resolve file:///Users/amliya/Project/game/demo/test/assets/script/framework/uiManager.ts from cce:/internal/x/prerequisite-imports as file:///Users/amliya/Project/game/demo/test/assets/script/framework/uiManager.ts.
debug: Resolve file:///Users/amliya/Project/game/demo/test/assets/script/main.ts from cce:/internal/x/prerequisite-imports as file:///Users/amliya/Project/game/demo/test/assets/script/main.ts.
debug: Resolve file:///Users/amliya/Project/game/demo/test/assets/script/ui/back/backPanel.ts from cce:/internal/x/prerequisite-imports as file:///Users/amliya/Project/game/demo/test/assets/script/ui/back/backPanel.ts.
debug: Resolve file:///Users/amliya/Project/game/demo/test/assets/script/ui/common/fightTip.ts from cce:/internal/x/prerequisite-imports as file:///Users/amliya/Project/game/demo/test/assets/script/ui/common/fightTip.ts.
debug: Resolve file:///Users/amliya/Project/game/demo/test/assets/script/ui/common/tips.ts from cce:/internal/x/prerequisite-imports as file:///Users/amliya/Project/game/demo/test/assets/script/ui/common/tips.ts.
debug: Resolve file:///Users/amliya/Project/game/demo/test/assets/script/ui/debug/debugPanel.ts from cce:/internal/x/prerequisite-imports as file:///Users/amliya/Project/game/demo/test/assets/script/ui/debug/debugPanel.ts.
debug: Resolve file:///Users/amliya/Project/game/demo/test/assets/script/ui/debug/debugLevelItem.ts from cce:/internal/x/prerequisite-imports as file:///Users/amliya/Project/game/demo/test/assets/script/ui/debug/debugLevelItem.ts.
debug: Resolve file:///Users/amliya/Project/game/demo/test/assets/script/ui/debug/debugSkillItem.ts from cce:/internal/x/prerequisite-imports as file:///Users/amliya/Project/game/demo/test/assets/script/ui/debug/debugSkillItem.ts.
debug: Resolve file:///Users/amliya/Project/game/demo/test/assets/script/ui/fight/fightPanel.ts from cce:/internal/x/prerequisite-imports as file:///Users/amliya/Project/game/demo/test/assets/script/ui/fight/fightPanel.ts.
debug: Resolve file:///Users/amliya/Project/game/demo/test/assets/script/ui/fight/bossBloodBar.ts from cce:/internal/x/prerequisite-imports as file:///Users/amliya/Project/game/demo/test/assets/script/ui/fight/bossBloodBar.ts.
debug: Resolve file:///Users/amliya/Project/game/demo/test/assets/script/ui/fight/monsterBloodBar.ts from cce:/internal/x/prerequisite-imports as file:///Users/amliya/Project/game/demo/test/assets/script/ui/fight/monsterBloodBar.ts.
debug: Resolve file:///Users/amliya/Project/game/demo/test/assets/script/ui/fight/playerBloodBar.ts from cce:/internal/x/prerequisite-imports as file:///Users/amliya/Project/game/demo/test/assets/script/ui/fight/playerBloodBar.ts.
debug: Resolve file:///Users/amliya/Project/game/demo/test/assets/script/ui/home/homePanel.ts from cce:/internal/x/prerequisite-imports as file:///Users/amliya/Project/game/demo/test/assets/script/ui/home/homePanel.ts.
debug: Resolve file:///Users/amliya/Project/game/demo/test/assets/script/ui/pause/pausePanel.ts from cce:/internal/x/prerequisite-imports as file:///Users/amliya/Project/game/demo/test/assets/script/ui/pause/pausePanel.ts.
debug: Resolve file:///Users/amliya/Project/game/demo/test/assets/script/ui/loading/loadingPanel.ts from cce:/internal/x/prerequisite-imports as file:///Users/amliya/Project/game/demo/test/assets/script/ui/loading/loadingPanel.ts.
debug: Resolve file:///Users/amliya/Project/game/demo/test/assets/script/ui/pause/skillIcon.ts from cce:/internal/x/prerequisite-imports as file:///Users/amliya/Project/game/demo/test/assets/script/ui/pause/skillIcon.ts.
debug: Resolve file:///Users/amliya/Project/game/demo/test/assets/script/ui/pause/skillList.ts from cce:/internal/x/prerequisite-imports as file:///Users/amliya/Project/game/demo/test/assets/script/ui/pause/skillList.ts.
debug: Resolve file:///Users/amliya/Project/game/demo/test/assets/script/ui/setting/settingPanel.ts from cce:/internal/x/prerequisite-imports as file:///Users/amliya/Project/game/demo/test/assets/script/ui/setting/settingPanel.ts.
debug: Resolve file:///Users/amliya/Project/game/demo/test/assets/script/ui/revive/revivePanel.ts from cce:/internal/x/prerequisite-imports as file:///Users/amliya/Project/game/demo/test/assets/script/ui/revive/revivePanel.ts.
debug: Resolve file:///Users/amliya/Project/game/demo/test/assets/script/ui/settlement/settlementPanel.ts from cce:/internal/x/prerequisite-imports as file:///Users/amliya/Project/game/demo/test/assets/script/ui/settlement/settlementPanel.ts.
debug: Resolve file:///Users/amliya/Project/game/demo/test/assets/script/ui/shopPanel/shopItem.ts from cce:/internal/x/prerequisite-imports as file:///Users/amliya/Project/game/demo/test/assets/script/ui/shopPanel/shopItem.ts.
debug: Resolve file:///Users/amliya/Project/game/demo/test/assets/script/ui/shopPanel/shopPanel.ts from cce:/internal/x/prerequisite-imports as file:///Users/amliya/Project/game/demo/test/assets/script/ui/shopPanel/shopPanel.ts.
debug: Resolve file:///Users/amliya/Project/game/demo/test/assets/script/ui/skill/skillPanel.ts from cce:/internal/x/prerequisite-imports as file:///Users/amliya/Project/game/demo/test/assets/script/ui/skill/skillPanel.ts.
debug: Resolve file:///Users/amliya/Project/game/demo/test/assets/script/utils/camera.ts from cce:/internal/x/prerequisite-imports as file:///Users/amliya/Project/game/demo/test/assets/script/utils/camera.ts.
debug: Resolve file:///Users/amliya/Project/game/demo/test/assets/script/utils/joystick.ts from cce:/internal/x/prerequisite-imports as file:///Users/amliya/Project/game/demo/test/assets/script/utils/joystick.ts.
debug: Resolve file:///Users/amliya/Project/game/demo/test/assets/script/ui/skill/skillItem.ts from cce:/internal/x/prerequisite-imports as file:///Users/amliya/Project/game/demo/test/assets/script/ui/skill/skillItem.ts.
debug: Create cjs interop url for 'file:///Users/amliya/Project/game/demo/test/assets/script/lib/cocosAnalytics.min.js'
debug: Resolve file:///Users/amliya/Project/game/demo/test/assets/script/lib/cocosAnalytics.min.js from cce:/internal/x/prerequisite-imports as file:///Users/amliya/Project/game/demo/test/assets/script/lib/cocosAnalytics.min.mjs?cjs=&original=.js.
debug: Target(editor) ends with cost 80.47133350372314ms.
debug: Target(preview) build started.
debug: Detected change: cce:/internal/x/prerequisite-imports. Last mtime: Thu Jan 01 1970 08:00:06 GMT+0800 (中国标准时间), Current mtime: Fri Jan 02 1970 06:38:17 GMT+0800 (中国标准时间)
debug: Inspect cce:/internal/x/prerequisite-imports
debug: Resolve file:///Users/amliya/Project/game/demo/test/assets/script/fight/arrow.ts from cce:/internal/x/prerequisite-imports as file:///Users/amliya/Project/game/demo/test/assets/script/fight/arrow.ts.
debug: Resolve file:///Users/amliya/Project/game/demo/test/assets/script/fight/characterRigid.ts from cce:/internal/x/prerequisite-imports as file:///Users/amliya/Project/game/demo/test/assets/script/fight/characterRigid.ts.
debug: Resolve file:///Users/amliya/Project/game/demo/test/assets/script/fight/gameCamera.ts from cce:/internal/x/prerequisite-imports as file:///Users/amliya/Project/game/demo/test/assets/script/fight/gameCamera.ts.
debug: Resolve file:///Users/amliya/Project/game/demo/test/assets/script/fight/boss.ts from cce:/internal/x/prerequisite-imports as file:///Users/amliya/Project/game/demo/test/assets/script/fight/boss.ts.
debug: Resolve file:///Users/amliya/Project/game/demo/test/assets/script/fight/mapManager.ts from cce:/internal/x/prerequisite-imports as file:///Users/amliya/Project/game/demo/test/assets/script/fight/mapManager.ts.
debug: Resolve file:///Users/amliya/Project/game/demo/test/assets/script/fight/monster.ts from cce:/internal/x/prerequisite-imports as file:///Users/amliya/Project/game/demo/test/assets/script/fight/monster.ts.
debug: Resolve file:///Users/amliya/Project/game/demo/test/assets/script/fight/monsterModel.ts from cce:/internal/x/prerequisite-imports as file:///Users/amliya/Project/game/demo/test/assets/script/fight/monsterModel.ts.
debug: Resolve file:///Users/amliya/Project/game/demo/test/assets/script/fight/monsterSkill/dispersion.ts from cce:/internal/x/prerequisite-imports as file:///Users/amliya/Project/game/demo/test/assets/script/fight/monsterSkill/dispersion.ts.
debug: Resolve file:///Users/amliya/Project/game/demo/test/assets/script/fight/monsterSkill/dispersionSurround.ts from cce:/internal/x/prerequisite-imports as file:///Users/amliya/Project/game/demo/test/assets/script/fight/monsterSkill/dispersionSurround.ts.
debug: Resolve file:///Users/amliya/Project/game/demo/test/assets/script/fight/monsterSkill/energyBall.ts from cce:/internal/x/prerequisite-imports as file:///Users/amliya/Project/game/demo/test/assets/script/fight/monsterSkill/energyBall.ts.
debug: Resolve file:///Users/amliya/Project/game/demo/test/assets/script/fight/monsterSkill/fireBall.ts from cce:/internal/x/prerequisite-imports as file:///Users/amliya/Project/game/demo/test/assets/script/fight/monsterSkill/fireBall.ts.
debug: Resolve file:///Users/amliya/Project/game/demo/test/assets/script/fight/monsterSkill/fireBallBig.ts from cce:/internal/x/prerequisite-imports as file:///Users/amliya/Project/game/demo/test/assets/script/fight/monsterSkill/fireBallBig.ts.
debug: Resolve file:///Users/amliya/Project/game/demo/test/assets/script/fight/monsterSkill/jetFires.ts from cce:/internal/x/prerequisite-imports as file:///Users/amliya/Project/game/demo/test/assets/script/fight/monsterSkill/jetFires.ts.
debug: Resolve file:///Users/amliya/Project/game/demo/test/assets/script/fight/monsterSkill/laser.ts from cce:/internal/x/prerequisite-imports as file:///Users/amliya/Project/game/demo/test/assets/script/fight/monsterSkill/laser.ts.
debug: Resolve file:///Users/amliya/Project/game/demo/test/assets/script/fight/monsterSkill/tornado.ts from cce:/internal/x/prerequisite-imports as file:///Users/amliya/Project/game/demo/test/assets/script/fight/monsterSkill/tornado.ts.
debug: Resolve file:///Users/amliya/Project/game/demo/test/assets/script/fight/monsterSkillCollider.ts from cce:/internal/x/prerequisite-imports as file:///Users/amliya/Project/game/demo/test/assets/script/fight/monsterSkillCollider.ts.
debug: Resolve file:///Users/amliya/Project/game/demo/test/assets/script/fight/player.ts from cce:/internal/x/prerequisite-imports as file:///Users/amliya/Project/game/demo/test/assets/script/fight/player.ts.
debug: Resolve file:///Users/amliya/Project/game/demo/test/assets/script/fight/gameManager.ts from cce:/internal/x/prerequisite-imports as file:///Users/amliya/Project/game/demo/test/assets/script/fight/gameManager.ts.
debug: Resolve file:///Users/amliya/Project/game/demo/test/assets/script/fight/playerModel.ts from cce:/internal/x/prerequisite-imports as file:///Users/amliya/Project/game/demo/test/assets/script/fight/playerModel.ts.
debug: Resolve file:///Users/amliya/Project/game/demo/test/assets/script/fight/reward.ts from cce:/internal/x/prerequisite-imports as file:///Users/amliya/Project/game/demo/test/assets/script/fight/reward.ts.
debug: Resolve file:///Users/amliya/Project/game/demo/test/assets/script/fight/verticalRaycast.ts from cce:/internal/x/prerequisite-imports as file:///Users/amliya/Project/game/demo/test/assets/script/fight/verticalRaycast.ts.
debug: Resolve file:///Users/amliya/Project/game/demo/test/assets/script/fight/warningSkill/warningCircle.ts from cce:/internal/x/prerequisite-imports as file:///Users/amliya/Project/game/demo/test/assets/script/fight/warningSkill/warningCircle.ts.
debug: Resolve file:///Users/amliya/Project/game/demo/test/assets/script/fight/warningSkill/warningLine.ts from cce:/internal/x/prerequisite-imports as file:///Users/amliya/Project/game/demo/test/assets/script/fight/warningSkill/warningLine.ts.
debug: Resolve file:///Users/amliya/Project/game/demo/test/assets/script/fight/colliderItem.ts from cce:/internal/x/prerequisite-imports as file:///Users/amliya/Project/game/demo/test/assets/script/fight/colliderItem.ts.
debug: Resolve file:///Users/amliya/Project/game/demo/test/assets/script/fight/test.ts from cce:/internal/x/prerequisite-imports as file:///Users/amliya/Project/game/demo/test/assets/script/fight/test.ts.
debug: Resolve file:///Users/amliya/Project/game/demo/test/assets/script/framework/audioManager.ts from cce:/internal/x/prerequisite-imports as file:///Users/amliya/Project/game/demo/test/assets/script/framework/audioManager.ts.
debug: Resolve file:///Users/amliya/Project/game/demo/test/assets/script/fight/warningSkill/warningStrip.ts from cce:/internal/x/prerequisite-imports as file:///Users/amliya/Project/game/demo/test/assets/script/fight/warningSkill/warningStrip.ts.
debug: Resolve file:///Users/amliya/Project/game/demo/test/assets/script/framework/clientEvent.ts from cce:/internal/x/prerequisite-imports as file:///Users/amliya/Project/game/demo/test/assets/script/framework/clientEvent.ts.
debug: Resolve file:///Users/amliya/Project/game/demo/test/assets/script/framework/constant.ts from cce:/internal/x/prerequisite-imports as file:///Users/amliya/Project/game/demo/test/assets/script/framework/constant.ts.
debug: Resolve file:///Users/amliya/Project/game/demo/test/assets/script/framework/localConfig.ts from cce:/internal/x/prerequisite-imports as file:///Users/amliya/Project/game/demo/test/assets/script/framework/localConfig.ts.
debug: Resolve file:///Users/amliya/Project/game/demo/test/assets/script/framework/csvManager.ts from cce:/internal/x/prerequisite-imports as file:///Users/amliya/Project/game/demo/test/assets/script/framework/csvManager.ts.
debug: Resolve file:///Users/amliya/Project/game/demo/test/assets/script/framework/effectManager.ts from cce:/internal/x/prerequisite-imports as file:///Users/amliya/Project/game/demo/test/assets/script/framework/effectManager.ts.
debug: Resolve file:///Users/amliya/Project/game/demo/test/assets/script/framework/lodash.ts from cce:/internal/x/prerequisite-imports as file:///Users/amliya/Project/game/demo/test/assets/script/framework/lodash.ts.
debug: Resolve file:///Users/amliya/Project/game/demo/test/assets/script/framework/playerData.ts from cce:/internal/x/prerequisite-imports as file:///Users/amliya/Project/game/demo/test/assets/script/framework/playerData.ts.
debug: Resolve file:///Users/amliya/Project/game/demo/test/assets/script/framework/resourceUtil.ts from cce:/internal/x/prerequisite-imports as file:///Users/amliya/Project/game/demo/test/assets/script/framework/resourceUtil.ts.
debug: Resolve file:///Users/amliya/Project/game/demo/test/assets/script/framework/poolManager.ts from cce:/internal/x/prerequisite-imports as file:///Users/amliya/Project/game/demo/test/assets/script/framework/poolManager.ts.
debug: Resolve file:///Users/amliya/Project/game/demo/test/assets/script/framework/sdkUtil.ts from cce:/internal/x/prerequisite-imports as file:///Users/amliya/Project/game/demo/test/assets/script/framework/sdkUtil.ts.
debug: Resolve file:///Users/amliya/Project/game/demo/test/assets/script/framework/uiManager.ts from cce:/internal/x/prerequisite-imports as file:///Users/amliya/Project/game/demo/test/assets/script/framework/uiManager.ts.
debug: Resolve file:///Users/amliya/Project/game/demo/test/assets/script/framework/util.ts from cce:/internal/x/prerequisite-imports as file:///Users/amliya/Project/game/demo/test/assets/script/framework/util.ts.
debug: Resolve file:///Users/amliya/Project/game/demo/test/assets/script/framework/storageManager.ts from cce:/internal/x/prerequisite-imports as file:///Users/amliya/Project/game/demo/test/assets/script/framework/storageManager.ts.
debug: Resolve file:///Users/amliya/Project/game/demo/test/assets/script/main.ts from cce:/internal/x/prerequisite-imports as file:///Users/amliya/Project/game/demo/test/assets/script/main.ts.
debug: Resolve file:///Users/amliya/Project/game/demo/test/assets/script/ui/back/backPanel.ts from cce:/internal/x/prerequisite-imports as file:///Users/amliya/Project/game/demo/test/assets/script/ui/back/backPanel.ts.
debug: Resolve file:///Users/amliya/Project/game/demo/test/assets/script/ui/common/tips.ts from cce:/internal/x/prerequisite-imports as file:///Users/amliya/Project/game/demo/test/assets/script/ui/common/tips.ts.
debug: Resolve file:///Users/amliya/Project/game/demo/test/assets/script/ui/common/fightTip.ts from cce:/internal/x/prerequisite-imports as file:///Users/amliya/Project/game/demo/test/assets/script/ui/common/fightTip.ts.
debug: Resolve file:///Users/amliya/Project/game/demo/test/assets/script/ui/debug/debugPanel.ts from cce:/internal/x/prerequisite-imports as file:///Users/amliya/Project/game/demo/test/assets/script/ui/debug/debugPanel.ts.
debug: Resolve file:///Users/amliya/Project/game/demo/test/assets/script/ui/debug/debugSkillItem.ts from cce:/internal/x/prerequisite-imports as file:///Users/amliya/Project/game/demo/test/assets/script/ui/debug/debugSkillItem.ts.
debug: Resolve file:///Users/amliya/Project/game/demo/test/assets/script/ui/debug/debugLevelItem.ts from cce:/internal/x/prerequisite-imports as file:///Users/amliya/Project/game/demo/test/assets/script/ui/debug/debugLevelItem.ts.
debug: Resolve file:///Users/amliya/Project/game/demo/test/assets/script/ui/fight/fightPanel.ts from cce:/internal/x/prerequisite-imports as file:///Users/amliya/Project/game/demo/test/assets/script/ui/fight/fightPanel.ts.
debug: Resolve file:///Users/amliya/Project/game/demo/test/assets/script/ui/fight/monsterBloodBar.ts from cce:/internal/x/prerequisite-imports as file:///Users/amliya/Project/game/demo/test/assets/script/ui/fight/monsterBloodBar.ts.
debug: Resolve file:///Users/amliya/Project/game/demo/test/assets/script/ui/fight/playerBloodBar.ts from cce:/internal/x/prerequisite-imports as file:///Users/amliya/Project/game/demo/test/assets/script/ui/fight/playerBloodBar.ts.
debug: Resolve file:///Users/amliya/Project/game/demo/test/assets/script/ui/home/homePanel.ts from cce:/internal/x/prerequisite-imports as file:///Users/amliya/Project/game/demo/test/assets/script/ui/home/homePanel.ts.
debug: Resolve file:///Users/amliya/Project/game/demo/test/assets/script/ui/loading/loadingPanel.ts from cce:/internal/x/prerequisite-imports as file:///Users/amliya/Project/game/demo/test/assets/script/ui/loading/loadingPanel.ts.
debug: Resolve file:///Users/amliya/Project/game/demo/test/assets/script/ui/pause/skillIcon.ts from cce:/internal/x/prerequisite-imports as file:///Users/amliya/Project/game/demo/test/assets/script/ui/pause/skillIcon.ts.
debug: Resolve file:///Users/amliya/Project/game/demo/test/assets/script/ui/pause/skillList.ts from cce:/internal/x/prerequisite-imports as file:///Users/amliya/Project/game/demo/test/assets/script/ui/pause/skillList.ts.
debug: Resolve file:///Users/amliya/Project/game/demo/test/assets/script/ui/pause/pausePanel.ts from cce:/internal/x/prerequisite-imports as file:///Users/amliya/Project/game/demo/test/assets/script/ui/pause/pausePanel.ts.
debug: Resolve file:///Users/amliya/Project/game/demo/test/assets/script/ui/revive/revivePanel.ts from cce:/internal/x/prerequisite-imports as file:///Users/amliya/Project/game/demo/test/assets/script/ui/revive/revivePanel.ts.
debug: Resolve file:///Users/amliya/Project/game/demo/test/assets/script/ui/setting/settingPanel.ts from cce:/internal/x/prerequisite-imports as file:///Users/amliya/Project/game/demo/test/assets/script/ui/setting/settingPanel.ts.
debug: Resolve file:///Users/amliya/Project/game/demo/test/assets/script/ui/shopPanel/shopItem.ts from cce:/internal/x/prerequisite-imports as file:///Users/amliya/Project/game/demo/test/assets/script/ui/shopPanel/shopItem.ts.
debug: Resolve file:///Users/amliya/Project/game/demo/test/assets/script/ui/shopPanel/shopPanel.ts from cce:/internal/x/prerequisite-imports as file:///Users/amliya/Project/game/demo/test/assets/script/ui/shopPanel/shopPanel.ts.
debug: Resolve file:///Users/amliya/Project/game/demo/test/assets/script/ui/skill/skillItem.ts from cce:/internal/x/prerequisite-imports as file:///Users/amliya/Project/game/demo/test/assets/script/ui/skill/skillItem.ts.
debug: Resolve file:///Users/amliya/Project/game/demo/test/assets/script/ui/settlement/settlementPanel.ts from cce:/internal/x/prerequisite-imports as file:///Users/amliya/Project/game/demo/test/assets/script/ui/settlement/settlementPanel.ts.
debug: Resolve file:///Users/amliya/Project/game/demo/test/assets/script/ui/skill/skillPanel.ts from cce:/internal/x/prerequisite-imports as file:///Users/amliya/Project/game/demo/test/assets/script/ui/skill/skillPanel.ts.
debug: Resolve file:///Users/amliya/Project/game/demo/test/assets/script/ui/fight/bossBloodBar.ts from cce:/internal/x/prerequisite-imports as file:///Users/amliya/Project/game/demo/test/assets/script/ui/fight/bossBloodBar.ts.
debug: Resolve file:///Users/amliya/Project/game/demo/test/assets/script/utils/camera.ts from cce:/internal/x/prerequisite-imports as file:///Users/amliya/Project/game/demo/test/assets/script/utils/camera.ts.
debug: Resolve file:///Users/amliya/Project/game/demo/test/assets/script/utils/joystick.ts from cce:/internal/x/prerequisite-imports as file:///Users/amliya/Project/game/demo/test/assets/script/utils/joystick.ts.
debug: Create cjs interop url for 'file:///Users/amliya/Project/game/demo/test/assets/script/lib/cocosAnalytics.min.js'
debug: Resolve file:///Users/amliya/Project/game/demo/test/assets/script/lib/cocosAnalytics.min.js from cce:/internal/x/prerequisite-imports as file:///Users/amliya/Project/game/demo/test/assets/script/lib/cocosAnalytics.min.mjs?cjs=&original=.js.
debug: Target(preview) ends with cost 55.76129150390625ms.
